Log file open, 05/04/17 00:04:28
LogInit:Display: Running engine for game: Tutorial
LogPlatformFile: Not using cached read wrapper
LogInit:Display: RandInit(-152126205) SRandInit(-152126205).
LogTaskGraph: Started task graph with 5 named threads and 6 total threads with 1 sets of task threads.
LogStats: Stats thread started at 0.074836
LogInit: Using libcurl 7.47.1
LogInit:  - built for x86_64-pc-win32
LogInit:  - supports SSL with OpenSSL/1.0.2g
LogInit:  - supports HTTP deflate (compression) using libz 1.2.8
LogInit:  - other features:
LogInit:      CURL_VERSION_SSL
LogInit:      CURL_VERSION_LIBZ
LogInit:      CURL_VERSION_IPV6
LogInit:      CURL_VERSION_ASYNCHDNS
LogInit:      CURL_VERSION_LARGEFILE
LogInit:      CURL_VERSION_IDN
LogInit:  CurlRequestOptions (configurable via config and command line):
LogInit:  - bVerifyPeer = false  - Libcurl will NOT verify peer certificate
LogInit:  - bUseHttpProxy = false  - Libcurl will NOT use HTTP proxy
LogInit:  - bDontReuseConnections = false  - Libcurl will reuse connections
LogInit:  - CertBundlePath = nullptr  - Libcurl will use whatever was configured at build time.
LogInit: Build: ++UE4+Release-4.15-CL-3299760
LogInit: Engine Version: 4.15.0-3299760+++UE4+Release-4.15
LogInit: Compatible Engine Version: 4.15.0-3299760+++UE4+Release-4.15
LogInit: Net CL: 3299760
LogDevObjectVersion: Number of dev versions registered: 14
LogDevObjectVersion:   Dev-Blueprints (B0D832E4-1F89-4F0D-ACCF-7EB736FD4AA2): 8
LogDevObjectVersion:   Dev-Build (E1C64328-A22C-4D53-A36C-8E866417BD8C): 0
LogDevObjectVersion:   Dev-Core (375EC13C-06E4-48FB-B500-84F0262A717E): 2
LogDevObjectVersion:   Dev-Editor (E4B068ED-F494-42E9-A231-DA0B2E46BB41): 14
LogDevObjectVersion:   Dev-Framework (CFFC743F-43B0-4480-9391-14DF171D2073): 22
LogDevObjectVersion:   Dev-Mobile (B02B49B5-BB20-44E9-A304-32B752E40360): 0
LogDevObjectVersion:   Dev-Networking (A4E4105C-59A1-49B5-A7C5-40C4547EDFEE): 0
LogDevObjectVersion:   Dev-Online (39C831C9-5AE6-47DC-9A44-9C173E1C8E7C): 0
LogDevObjectVersion:   Dev-Physics (78F01B33-EBEA-4F98-B9B4-84EACCB95AA2): 0
LogDevObjectVersion:   Dev-Platform (6631380F-2D4D-43E0-8009-CF276956A95A): 0
LogDevObjectVersion:   Dev-Rendering (12F88B9F-8875-4AFC-A67C-D90C383ABD29): 12
LogDevObjectVersion:   Dev-Sequencer (7B5AE74C-D270-4C10-A958-57980B212A5A): 3
LogDevObjectVersion:   Dev-VR (D7296918-1DD6-4BDD-9DE2-64A83CC13884): 0
LogDevObjectVersion:   Dev-LoadTimes (C2A15278-BFE7-4AFE-6C17-90FF531DF755): 1
LogInit: Compiled (64-bit): Feb 14 2017 02:04:14
LogInit: Compiled with Visual C++: 19.00.23026.00
LogInit: Build Configuration: Development
LogInit: Branch Name: ++UE4+Release-4.15
LogInit: Command line: -EpicPortal 
LogInit: Base directory: C:/Program Files/Epic Games/UE_4.15/Engine/Binaries/Win64/
LogInit: Installed Engine Build: 1
LogInit: Presizing for max 8388607 objects, including 0 objects not considered by GC, pre-allocating 0 bytes for permanent pool.
LogInit: Object subsystem initialized
[2017.05.03-18.34.30:061][  0]LogInit: Selected Device Profile: [Windows]
[2017.05.03-18.34.30:061][  0]LogInit: Applying CVar settings loaded from the selected device profile: [Windows]
[2017.05.03-18.34.30:095][  0]LogInit: Computer: DESKTOP-4S8HTAT
[2017.05.03-18.34.30:095][  0]LogInit: User: kasunlakmal
[2017.05.03-18.34.30:095][  0]LogInit: CPU Page size=65536, Cores=2
[2017.05.03-18.34.30:095][  0]LogInit: High frequency timer resolution =2.343751 MHz
[2017.05.03-18.34.30:096][  0]LogMemory: Memory total: Physical=7.9GB (8GB approx)
[2017.05.03-18.34.30:096][  0]LogMemory: Platform Memory Stats for Windows
[2017.05.03-18.34.30:096][  0]LogMemory: Process Physical Memory: 262.73 MB used, 262.73 MB peak
[2017.05.03-18.34.30:096][  0]LogMemory: Process Virtual Memory: 262.30 MB used, 262.30 MB peak
[2017.05.03-18.34.30:096][  0]LogMemory: Physical Memory: 6543.42 MB used,  1544.70 MB free, 8088.13 MB total
[2017.05.03-18.34.30:096][  0]LogMemory: Virtual Memory: 642.59 MB used,  1544.70 MB free, 134217728.00 MB total
[2017.05.03-18.34.30:265][  0]LogTextLocalizationManager: No specific translations for ('en-US') exist, so ('en') translations will be used.
[2017.05.03-18.34.31:181][  0]LogD3D11RHI: D3D11 adapters:
[2017.05.03-18.34.31:191][  0]LogD3D11RHI:    0. 'Intel(R) HD Graphics 520' (Feature Level 11_0)
[2017.05.03-18.34.31:191][  0]LogD3D11RHI:       128/0/4044 MB DedicatedVideo/DedicatedSystem/SharedSystem, Outputs:1, VendorId:0x8086
[2017.05.03-18.34.31:230][  0]LogD3D11RHI:    1. 'NVIDIA GeForce 920MX' (Feature Level 11_0)
[2017.05.03-18.34.31:230][  0]LogD3D11RHI:       2020/0/4044 MB DedicatedVideo/DedicatedSystem/SharedSystem, Outputs:0, VendorId:0x10de
[2017.05.03-18.34.31:232][  0]LogD3D11RHI:    2. 'Microsoft Basic Render Driver' (Feature Level 11_0)
[2017.05.03-18.34.31:232][  0]LogD3D11RHI:       0/0/4044 MB DedicatedVideo/DedicatedSystem/SharedSystem, Outputs:0, VendorId:0x1414
[2017.05.03-18.34.31:232][  0]LogD3D11RHI: Chosen D3D11 Adapter: 1
[2017.05.03-18.34.31:238][  0]LogD3D11RHI: Creating new Direct3DDevice
[2017.05.03-18.34.31:238][  0]LogD3D11RHI:     GPU DeviceId: 0x134f (for the marketing name, search the web for "GPU Device Id")
[2017.05.03-18.34.31:238][  0]LogWindows: EnumDisplayDevices:
[2017.05.03-18.34.31:238][  0]LogWindows:    0. 'Intel(R) HD Graphics 520' (P:1 D:1)
[2017.05.03-18.34.31:238][  0]LogWindows:    1. 'Intel(R) HD Graphics 520' (P:0 D:0)
[2017.05.03-18.34.31:239][  0]LogWindows:    2. 'Intel(R) HD Graphics 520' (P:0 D:0)
[2017.05.03-18.34.31:239][  0]LogWindows: DebugString: PrimaryIsNotTheChoosenAdapter PrimaryIsNotTheChoosenAdapter PrimaryIsNotTheChoosenAdapter FoundDriverCount:0 
[2017.05.03-18.34.31:239][  0]LogD3D11RHI:     Adapter Name: NVIDIA GeForce 920MX
[2017.05.03-18.34.31:239][  0]LogD3D11RHI:   Driver Version: Unknown (internal:Unknown, unified:Unknown)
[2017.05.03-18.34.31:239][  0]LogD3D11RHI:      Driver Date: Unknown
[2017.05.03-18.34.31:239][  0]LogRHI: Texture pool is 1361 MB (70% of 1945 MB)
[2017.05.03-18.34.31:258][  0]LogD3D11RHI: Async texture creation enabled
[2017.05.03-18.34.31:276][  0]LogD3D11RHI: GPU Timing Frequency: 1000.000000 (Debug: 2 2)
[2017.05.03-18.34.31:276][  0]LogShaderCompilers: Guid format shader working directory is -18 characters bigger than the processId version (../../../../../../Users/kasun lakmal/Documents/Unreal Projects/Tutorial/Intermediate/Shaders/WorkingDirectory/8600/).
[2017.05.03-18.34.31:276][  0]LogShaderCompilers: Cleaned the shader compiler working directory 'C:/Users/kasun lakmal/AppData/Local/Temp/UnrealShaderWorkingDir/B344E8F14B2D54E3D43B10843F624A8D/'.
[2017.05.03-18.34.31:276][  0]LogShaderCompilers:Display: Using Local Shader Compiler.
[2017.05.03-18.34.33:111][  0]LogTemp:Display: Loaded TP AllDesktopTargetPlatform
[2017.05.03-18.34.33:229][  0]LogTemp:Display: Loaded TP MacClientTargetPlatform
[2017.05.03-18.34.33:377][  0]LogTemp:Display: Loaded TP MacNoEditorTargetPlatform
[2017.05.03-18.34.33:490][  0]LogTemp:Display: Loaded TP MacServerTargetPlatform
[2017.05.03-18.34.33:601][  0]LogTemp:Display: Loaded TP MacTargetPlatform
[2017.05.03-18.34.33:714][  0]LogTemp:Display: Loaded TP WindowsClientTargetPlatform
[2017.05.03-18.34.33:825][  0]LogTemp:Display: Loaded TP WindowsNoEditorTargetPlatform
[2017.05.03-18.34.33:942][  0]LogTemp:Display: Loaded TP WindowsServerTargetPlatform
[2017.05.03-18.34.34:044][  0]LogTemp:Display: Loaded TP WindowsTargetPlatform
[2017.05.03-18.34.34:207][  0]LogTemp:Display: Loaded TP AndroidTargetPlatform
[2017.05.03-18.34.34:321][  0]LogTemp:Display: Loaded TP Android_ASTCTargetPlatform
[2017.05.03-18.34.34:438][  0]LogTemp:Display: Loaded TP Android_ATCTargetPlatform
[2017.05.03-18.34.34:547][  0]LogTemp:Display: Loaded TP Android_DXTTargetPlatform
[2017.05.03-18.34.34:658][  0]LogTemp:Display: Loaded TP Android_ETC1TargetPlatform
[2017.05.03-18.34.34:765][  0]LogTemp:Display: Loaded TP Android_ETC2TargetPlatform
[2017.05.03-18.34.34:997][  0]LogTemp:Display: Loaded TP Android_MultiTargetPlatform
[2017.05.03-18.34.34:997][  0]LogTemp:Display: Loaded TP Android_PVRTCTargetPlatform
[2017.05.03-18.34.35:088][  0]LogTemp:Display: Loaded TP HTML5TargetPlatform
[2017.05.03-18.34.35:302][  0]LogTemp:Display: Loaded TP IOSTargetPlatform
[2017.05.03-18.34.35:372][  0]LogTemp:Display: Loaded TP TVOSTargetPlatform
[2017.05.03-18.34.35:480][  0]LogTemp:Display: Loaded TP LinuxClientTargetPlatform
[2017.05.03-18.34.35:587][  0]LogTemp:Display: Loaded TP LinuxNoEditorTargetPlatform
[2017.05.03-18.34.35:695][  0]LogTemp:Display: Loaded TP LinuxServerTargetPlatform
[2017.05.03-18.34.35:802][  0]LogTemp:Display: Loaded TP LinuxTargetPlatform
[2017.05.03-18.34.35:802][  0]LogTargetPlatformManager:Display: Building Assets For Windows
[2017.05.03-18.34.36:826][  0]LogDerivedDataCache:Display: Max Cache Size: 512 MB
[2017.05.03-18.34.36:886][  0]LogDerivedDataCache: Loaded boot cache 0.06s 50MB C:/Users/kasun lakmal/AppData/Local/UnrealEngine/4.15/DerivedDataCache/Boot.ddc.
[2017.05.03-18.34.36:886][  0]LogDerivedDataCache:Display: Loaded Boot cache: C:/Users/kasun lakmal/AppData/Local/UnrealEngine/4.15/DerivedDataCache/Boot.ddc
[2017.05.03-18.34.36:886][  0]LogDerivedDataCache: FDerivedDataBackendGraph:  Pak pak cache file ../../../../../../Users/kasun lakmal/Documents/Unreal Projects/Tutorial/DerivedDataCache/DDC.ddp not found, will not use a pak cache.
[2017.05.03-18.34.36:886][  0]LogDerivedDataCache: Unable to find inner node Pak for hierarchical cache Hierarchy.
[2017.05.03-18.34.36:886][  0]LogDerivedDataCache: FDerivedDataBackendGraph:  CompressedPak pak cache file ../../../../../../Users/kasun lakmal/Documents/Unreal Projects/Tutorial/DerivedDataCache/Compressed.ddp not found, will not use a pak cache.
[2017.05.03-18.34.36:886][  0]LogDerivedDataCache: Unable to find inner node CompressedPak for hierarchical cache Hierarchy.
[2017.05.03-18.34.36:912][  0]LogDerivedDataCache:Display: Pak cache opened for reading ../../../Engine/DerivedDataCache/Compressed.ddp.
[2017.05.03-18.34.36:924][  0]LogDerivedDataCache: Using Local data cache path C:/Users/kasun lakmal/AppData/Local/UnrealEngine/Common/DerivedDataCache: Writable
[2017.05.03-18.34.37:132][  0]LogSlate: Using Freetype 2.6.0
[2017.05.03-18.34.37:134][  0]LogSlate: SlateFontCache - WITH_FREETYPE: 1, WITH_HARFBUZZ: 1
[2017.05.03-18.34.37:134][  0]LogSlate: SlateFontCache - WITH_FREETYPE: 1, WITH_HARFBUZZ: 1
[2017.05.03-18.34.37:488][  0]LogInit: Selected Device Profile: [Windows]
[2017.05.03-18.34.37:491][  0]LogContentStreaming: Texture pool size is 0.00 MB
[2017.05.03-18.34.39:713][  0]LogMeshUtilities: Using QuadricMeshReduction for automatic static mesh reduction
[2017.05.03-18.34.39:811][  0]LogSimplygon: Simplygon DLL not present - disabling.
[2017.05.03-18.34.39:913][  0]LogMeshUtilities: Using SimplygonSwarm for distributed automatic mesh merging
[2017.05.03-18.34.39:913][  0]LogMeshUtilities: No automatic skeletal mesh reduction module available
[2017.05.03-18.34.39:913][  0]LogMeshUtilities: No automatic mesh merging module available
[2017.05.03-18.34.41:365][  0]LogNetVersion: GetLocalNetworkVersion: CL: 3299760, ProjectName: tutorial, ProjectVersion: , EngineNetworkVersion: 2, GameNetworkVersion: 0, NetworkChecksum: 3216379570
[2017.05.03-18.34.41:442][  0]LogAssetRegistry: FAssetRegistry took 0.0215 seconds to start up
[2017.05.03-18.34.41:555][  0]LogPackageLocalizationCache: Processed 3 localized package path(s) for 2 prioritized culture(s) in 0.059101 seconds
[2017.05.03-18.34.41:561][  0]LogUObjectArray: 32475 objects as part of root set at end of initial load.
[2017.05.03-18.34.41:561][  0]LogUObjectAllocator: 7073360 out of 0 bytes used by permanent object pool.
[2017.05.03-18.34.41:561][  0]LogUObjectArray: CloseDisregardForGC: 0/0 objects in disregard for GC pool
[2017.05.03-18.34.41:706][  0]LogInit: WinSock: version 1.1 (2.2), MaxSocks=32767, MaxUdp=65467
[2017.05.03-18.34.45:068][  0]LogTcpMessaging: Initializing TcpMessaging bridge
[2017.05.03-18.34.45:140][  0]LogUdpMessaging: Initializing bridge on interface 0.0.0.0:0 to multicast group 230.0.0.1:6666.
[2017.05.03-18.34.46:221][  0]LogMaterial: Uniform references updated for custom material expression Custom.
[2017.05.03-18.34.47:377][  0]SourceControl: Info Source control is disabled
[2017.05.03-18.34.47:463][  0]SourceControl: Info Source control is disabled
[2017.05.03-18.34.47:572][  0]SourceControl: Info Source control is disabled
[2017.05.03-18.34.47:685][  0]SourceControl: Info Source control is disabled
[2017.05.03-18.34.50:605][  0]LogEngine: Initializing Engine...
[2017.05.03-18.34.50:606][  0]LogHMD: Failed to initialize OpenVR with code 110
[2017.05.03-18.34.51:640][  0]LogAIModule: Creating AISystem for world Untitled
[2017.05.03-18.34.51:650][  0]LogInit: XAudio2 using 'Speakers (Realtek High Definition Audio)' : 2 channels at 48 kHz using 32 bits per sample (channel mask 0x3)
[2017.05.03-18.34.51:663][  0]LogInit: FAudioDevice initialized.
[2017.05.03-18.34.51:692][  0]LogDerivedDataCache: Saved boot cache 0.03s 60MB C:/Users/kasun lakmal/AppData/Local/UnrealEngine/4.15/DerivedDataCache/Boot.ddc.
[2017.05.03-18.34.51:700][  0]LogInit: Texture streaming: Enabled
[2017.05.03-18.34.51:908][  0]LogEngineSessionManager: EngineSessionManager initialized
[2017.05.03-18.34.52:100][  0]LogInit: Transaction tracking system initialized
[2017.05.03-18.34.52:904][  0]BlueprintLog: New page: Editor Load
[2017.05.03-18.34.54:975][  0]LocalizationService: Info Localization service is disabled
[2017.05.03-18.34.56:469][  0]LogConsoleResponse:Display: 
[2017.05.03-18.34.56:967][  0]LogCook:Display: Max memory allowance for cook 16384mb min free memory 0mb
[2017.05.03-18.34.56:967][  0]LogCook:Display: Mobile HDR setting 1
[2017.05.03-18.34.57:299][  0]LogFileCache: Scanning file cache for directory 'C:/Users/kasun lakmal/Documents/Unreal Projects/Tutorial/Content/' took 0.02s
[2017.05.03-18.34.59:526][  0]SourceControl: Info Source control is disabled
[2017.05.03-18.34.59:526][  0]Cmd: MAP LOAD FILE="../../../../../../Users/kasun lakmal/Documents/Unreal Projects/Tutorial/Content/ThirdPersonBP/Maps/ThirdPersonExampleMap.umap" TEMPLATE=0 SHOWPROGRESS=1 FEATURELEVEL=3
[2017.05.03-18.34.59:527][  0]LightingResults: New page: Lighting Build
[2017.05.03-18.34.59:628][  0]MapCheck: New page: Map Check
[2017.05.03-18.34.59:628][  0]LightingResults: New page: Lighting Build
[2017.05.03-18.35.00:727][  0]LogLinker:Warning: Can't find file '/Game/Models/Weapons/BBG/07_-_Default'
[2017.05.03-18.35.00:747][  0]LogLinker:Warning: Can't find file for asset '/Game/Models/Weapons/BBG/07_-_Default' while loading ../../../../../../Users/kasun lakmal/Documents/Unreal Projects/Tutorial/Content/Weapons/BBG/BBGTextured000f_BBGHandle001.uasset.
[2017.05.03-18.35.00:747][  0]LoadErrors:Error: Error /Game/Weapons/BBG/BBGTextured000f_BBGHandle001 : Can't find file for asset. /Game/Models/Weapons/BBG/07_-_Default
[2017.05.03-18.35.00:747][  0]LogLinker:Warning: Can't find file '/Game/Models/Weapons/BBG/07_-_Default'
[2017.05.03-18.35.00:747][  0]LogLinker:Warning: Can't find file for asset '/Game/Models/Weapons/BBG/07_-_Default' while loading ../../../../../../Users/kasun lakmal/Documents/Unreal Projects/Tutorial/Content/Weapons/BBG/BBGTextured000f_BBGHandle001.uasset.
[2017.05.03-18.35.00:747][  0]LoadErrors:Error: Error /Game/Weapons/BBG/BBGTextured000f_BBGHandle001 : Can't find file for asset. /Game/Models/Weapons/BBG/07_-_Default
[2017.05.03-18.35.00:770][  0]LogLinker:Warning: Can't find file '/Game/Models/Weapons/BBG/02_-_Default'
[2017.05.03-18.35.00:770][  0]LogLinker:Warning: Can't find file for asset '/Game/Models/Weapons/BBG/02_-_Default' while loading ../../../../../../Users/kasun lakmal/Documents/Unreal Projects/Tutorial/Content/Weapons/BBG/BBGTextured000f_BBGTube001.uasset.
[2017.05.03-18.35.00:770][  0]LoadErrors:Error: Error /Game/Weapons/BBG/BBGTextured000f_BBGTube001 : Can't find file for asset. /Game/Models/Weapons/BBG/02_-_Default
[2017.05.03-18.35.00:770][  0]LogLinker:Warning: Can't find file '/Game/Models/Weapons/BBG/02_-_Default'
[2017.05.03-18.35.00:771][  0]LogLinker:Warning: Can't find file for asset '/Game/Models/Weapons/BBG/02_-_Default' while loading ../../../../../../Users/kasun lakmal/Documents/Unreal Projects/Tutorial/Content/Weapons/BBG/BBGTextured000f_BBGTube001.uasset.
[2017.05.03-18.35.00:771][  0]LoadErrors:Error: Error /Game/Weapons/BBG/BBGTextured000f_BBGTube001 : Can't find file for asset. /Game/Models/Weapons/BBG/02_-_Default
[2017.05.03-18.35.01:218][  0]LogLinker:Warning: Can't find file '/Game/Models/Weapons/BBG/02_-_Default'
[2017.05.03-18.35.01:219][  0]LoadErrors: Info Failed to load /Game/Models/Weapons/BBG/02_-_Default.02_-_Default Referenced by BBGTextured000f_BBGTube001
[2017.05.03-18.35.01:219][  0]LogLinker:Warning: Can't find file for asset '/Game/Models/Weapons/BBG/02_-_Default' while loading NULL.
[2017.05.03-18.35.01:219][  0]LoadErrors: Info Failed to load /Game/Models/Weapons/BBG/02_-_Default.02_-_Default Referenced by BBGTextured000f_BBGTube001
[2017.05.03-18.35.01:220][  0]LogLinker:Warning: Can't find file '/Game/Models/Weapons/BBG/07_-_Default'
[2017.05.03-18.35.01:220][  0]LoadErrors: Info Failed to load /Game/Models/Weapons/BBG/07_-_Default.07_-_Default Referenced by BBGTextured000f_BBGHandle001
[2017.05.03-18.35.01:221][  0]LogLinker:Warning: Can't find file for asset '/Game/Models/Weapons/BBG/07_-_Default' while loading NULL.
[2017.05.03-18.35.01:221][  0]LoadErrors: Info Failed to load /Game/Models/Weapons/BBG/07_-_Default.07_-_Default Referenced by BBGTextured000f_BBGHandle001
[2017.05.03-18.35.03:413][  0]LogAIModule: Creating AISystem for world ThirdPersonExampleMap
[2017.05.03-18.35.03:433][  0]LogEditorServer: Finished looking for orphan Actors (0.000 secs)
[2017.05.03-18.35.03:491][  0]Cmd: MAP CHECKDEP NOCLEARLOG
[2017.05.03-18.35.03:675][  0]MapCheck: Info Map check complete: 0 Error(s), 0 Warning(s), took 183.917ms to complete.
[2017.05.03-18.35.03:675][  0]LogFileHelpers: Loading map 'ThirdPersonExampleMap' took 4.148
[2017.05.03-18.35.03:736][  0]LogWindowsTextInputMethodSystem:Display: IME system now deactivated.
[2017.05.03-18.35.03:986][  0]LogCollectionManager: Loaded 0 collections in 0.002809 seconds
[2017.05.03-18.35.04:126][  0]LogFileCache: Scanning file cache for directory 'C:/Users/kasun lakmal/Documents/Unreal Projects/Tutorial/Saved/Collections/' took 0.01s
[2017.05.03-18.35.04:126][  0]LogFileCache: Scanning file cache for directory 'C:/Users/kasun lakmal/Documents/Unreal Projects/Tutorial/Content/Developers/kasunlakmal/Collections/' took 0.01s
[2017.05.03-18.35.04:126][  0]LogFileCache: Scanning file cache for directory 'C:/Users/kasun lakmal/Documents/Unreal Projects/Tutorial/Content/Collections/' took 0.01s
[2017.05.03-18.35.04:126][  0]LogCollectionManager: Rebuilt the GUID cache for 0 collections in 0.000001 seconds
[2017.05.03-18.35.04:139][  0]LogContentBrowser: Native class hierarchy populated in 0.0130 seconds. Added 2244 classes and 450 folders.
[2017.05.03-18.35.04:143][  0]LogStats: UGameplayTagsManager::ConstructGameplayTagTree: Construct from data asset -  0.000 s
[2017.05.03-18.35.04:143][  0]LogStats: UGameplayTagsManager::ConstructGameplayTagTree: GameplayTagTreeChangedEvent.Broadcast -  0.000 s
[2017.05.03-18.35.04:301][  0]LogContentBrowser: Native class hierarchy updated for 'WidgetCarousel' in 0.0007 seconds. Added 0 classes and 0 folders.
[2017.05.03-18.35.06:070][  0]LogContentBrowser: Native class hierarchy updated for 'AddContentDialog' in 0.0013 seconds. Added 0 classes and 0 folders.
[2017.05.03-18.35.06:262][  0]LogContentBrowser: Native class hierarchy updated for 'SceneOutliner' in 0.0006 seconds. Added 1 classes and 2 folders.
[2017.05.03-18.35.06:455][  0]LogCrashTracker: Crashtracker disabled due to settings.
[2017.05.03-18.35.06:462][  0]LogUObjectGlobals:Warning: Failed to find object 'Class None.'
[2017.05.03-18.35.06:600][  0]LogContentBrowser: Native class hierarchy updated for 'HierarchicalLODOutliner' in 0.0009 seconds. Added 1 classes and 2 folders.
[2017.05.03-18.35.06:601][  0]LogLoad: (Engine Initialization) Total time: 40.33 seconds
[2017.05.03-18.35.06:601][  0]LogLoad: (Engine Initialization) Total Blueprint compile time: 0.46 seconds
[2017.05.03-18.35.06:601][  0]LogExternalProfiler: Found external profiler: VSPerf
[2017.05.03-18.35.06:601][  0]LogExternalProfiler: Using external profiler: VSPerf
[2017.05.03-18.35.06:618][  0]LogOcInput: OculusInput pre-init called
[2017.05.03-18.35.06:639][  0]LogContentStreaming: Texture pool size now 1000 MB
[2017.05.03-18.35.06:705][  0]LogSlate: Took 0.000387 seconds to synchronously load lazily loaded font '../../../Engine/Content/Slate/Fonts/Roboto-Regular.ttf' (155K)
[2017.05.03-18.35.06:709][  0]LogSlate: Took 0.000359 seconds to synchronously load lazily loaded font '../../../Engine/Content/Slate/Fonts/Roboto-Bold.ttf' (160K)
[2017.05.03-18.35.06:736][  0]LogSlate: Took 0.020636 seconds to synchronously load lazily loaded font '../../../Engine/Content/Editor/Slate/Fonts/FontAwesome.ttf' (139K)
[2017.05.03-18.35.07:198][  0]LogRenderer: Reallocating scene render targets to support 628x352 NumSamples 1 (Frame:2).
[2017.05.03-18.35.07:198][  0]LogSlate: Took 0.084398 seconds to synchronously load lazily loaded font '../../../Engine/Content/Slate/Fonts/Roboto-Light.ttf' (159K)
[2017.05.03-18.35.07:879][  3]LogAssetRegistry: Asset discovery search completed in 26.4584 seconds
[2017.05.03-18.35.07:879][  3]LogCollectionManager: Rebuilt the object cache for 0 collections in 0.000007 seconds (found 0 objects)
[2017.05.03-18.35.07:879][  3]LogCollectionManager: Fixed up redirectors for 0 collections in 0.000029 seconds (updated 0 objects)
[2017.05.03-18.35.45:686][958]LogRenderer: Reallocating scene render targets to support 828x364 NumSamples 1 (Frame:875).
[2017.05.03-18.35.53:057][362]SourceControl: Info On branch master
[2017.05.03-18.35.53:057][362]SourceControl: Info Your branch is up-to-date with 'origin/master'.
[2017.05.03-18.35.53:057][362]SourceControl: Info Untracked files:
[2017.05.03-18.35.53:057][362]SourceControl: Info   (use "git add <file>..." to include in what will be committed)
[2017.05.03-18.35.53:057][362]SourceControl: Info 	Build/
[2017.05.03-18.35.53:057][362]SourceControl: Info 	Config/
[2017.05.03-18.35.53:057][362]SourceControl: Info 	Content/
[2017.05.03-18.35.53:057][362]SourceControl: Info 	Intermediate/
[2017.05.03-18.35.53:057][362]SourceControl: Info 	Saved/
[2017.05.03-18.35.53:057][362]SourceControl: Info nothing added to commit but untracked files present (use "git add" to track)
[2017.05.03-18.36.26:215][698]SourceControl: Info fatal: C:/Program Files/Epic Games/UE_4.15/Engine/Content/EngineMeshes/Humanoid.uasset: 'C:/Program Files/Epic Games/UE_4.15/Engine/Content/EngineMeshes/Humanoid.uasset' is outside repository
[2017.05.03-18.36.26:215][698]SourceControl: Info fatal: C:/Program Files/Epic Games/UE_4.15/Engine/Content/EditorBlueprintResources/StandardMacros.uasset: 'C:/Program Files/Epic Games/UE_4.15/Engine/Content/EditorBlueprintResources/StandardMacros.uasset' is outside repository
[2017.05.03-18.36.26:215][698]SourceControl: Info fatal: C:/Program Files/Epic Games/UE_4.15/Engine/Content/TemplateResources/MI_Template_BaseBlue.uasset: 'C:/Program Files/Epic Games/UE_4.15/Engine/Content/TemplateResources/MI_Template_BaseBlue.uasset' is outside repository
[2017.05.03-18.36.26:215][698]SourceControl: Info fatal: C:/Program Files/Epic Games/UE_4.15/Engine/Content/BasicShapes/BasicShapeMaterial.uasset: 'C:/Program Files/Epic Games/UE_4.15/Engine/Content/BasicShapes/BasicShapeMaterial.uasset' is outside repository
[2017.05.03-18.36.26:215][698]SourceControl: Info fatal: C:/Program Files/Epic Games/UE_4.15/Engine/Content/EngineMaterials/WorldGridMaterial.uasset: 'C:/Program Files/Epic Games/UE_4.15/Engine/Content/EngineMaterials/WorldGridMaterial.uasset' is outside repository
[2017.05.03-18.36.26:215][698]SourceControl: Info fatal: C:/Program Files/Epic Games/UE_4.15/Engine/Content/EngineSky/BP_Sky_Sphere.uasset: 'C:/Program Files/Epic Games/UE_4.15/Engine/Content/EngineSky/BP_Sky_Sphere.uasset' is outside repository
[2017.05.03-18.36.26:215][698]SourceControl: Info fatal: C:/Program Files/Epic Games/UE_4.15/Engine/Content/MapTemplates/Bokeh_5Sides.uasset: 'C:/Program Files/Epic Games/UE_4.15/Engine/Content/MapTemplates/Bokeh_5Sides.uasset' is outside repository
[2017.05.03-18.36.26:215][698]SourceControl: Info fatal: C:/Program Files/Epic Games/UE_4.15/Engine/Content/MapTemplates/Sky/DaylightAmbientCubemap.uasset: 'C:/Program Files/Epic Games/UE_4.15/Engine/Content/MapTemplates/Sky/DaylightAmbientCubemap.uasset' is outside repository
[2017.05.03-18.36.26:215][698]SourceControl: Info fatal: C:/Program Files/Epic Games/UE_4.15/Engine/Content/EditorMaterials/Thumbnails/SkySphereMaterial.uasset: 'C:/Program Files/Epic Games/UE_4.15/Engine/Content/EditorMaterials/Thumbnails/SkySphereMaterial.uasset' is outside repository
[2017.05.03-18.36.26:215][698]SourceControl: Info fatal: C:/Program Files/Epic Games/UE_4.15/Engine/Content/EditorMeshes/ColorCalibrator/SM_ColorCalibrator.uasset: 'C:/Program Files/Epic Games/UE_4.15/Engine/Content/EditorMeshes/ColorCalibrator/SM_ColorCalibrator.uasset' is outside repository
[2017.05.03-18.36.26:215][698]SourceControl: Info fatal: C:/Program Files/Epic Games/UE_4.15/Engine/Content/Functions/Engine_MaterialFunctions01/Opacity/CameraDepthFade.uasset: 'C:/Program Files/Epic Games/UE_4.15/Engine/Content/Functions/Engine_MaterialFunctions01/Opacity/CameraDepthFade.uasset' is outside repository
[2017.05.03-18.36.26:215][698]SourceControl: Info fatal: C:/Program Files/Epic Games/UE_4.15/Engine/Content/Functions/Engine_MaterialFunctions02/Utility/BlendAngleCorrectedNormals.uasset: 'C:/Program Files/Epic Games/UE_4.15/Engine/Content/Functions/Engine_MaterialFunctions02/Utility/BlendAngleCorrectedNormals.uasset' is outside repository
[2017.05.03-18.36.26:215][698]SourceControl: Info fatal: C:/Program Files/Epic Games/UE_4.15/Engine/Content/Functions/Engine_MaterialFunctions01/Gradient/RadialGradient.uasset: 'C:/Program Files/Epic Games/UE_4.15/Engine/Content/Functions/Engine_MaterialFunctions01/Gradient/RadialGradient.uasset' is outside repository
[2017.05.03-18.36.26:215][698]SourceControl: Info fatal: C:/Program Files/Epic Games/UE_4.15/Engine/Content/EditorMaterials/WidgetMaterial_X.uasset: 'C:/Program Files/Epic Games/UE_4.15/Engine/Content/EditorMaterials/WidgetMaterial_X.uasset' is outside repository
[2017.05.03-18.36.26:215][698]SourceControl: Info fatal: C:/Program Files/Epic Games/UE_4.15/Engine/Content/EngineFonts/RobotoDistanceField.uasset: 'C:/Program Files/Epic Games/UE_4.15/Engine/Content/EngineFonts/RobotoDistanceField.uasset' is outside repository
[2017.05.03-18.36.26:215][698]SourceControl: Info fatal: C:/Program Files/Epic Games/UE_4.15/Engine/Content/Functions/Engine_MaterialFunctions03/Procedurals/ComputeFilterWidth.uasset: 'C:/Program Files/Epic Games/UE_4.15/Engine/Content/Functions/Engine_MaterialFunctions03/Procedurals/ComputeFilterWidth.uasset' is outside repository
[2017.05.03-18.36.26:274][698]LogSlate: Took 0.000335 seconds to synchronously load lazily loaded font '../../../Engine/Content/Slate/Fonts/Roboto-Light.ttf' (159K)
[2017.05.03-18.36.45:735][698]SourceControl: Info Current branch master is up to date.
[2017.05.03-18.36.45:794][698]LoadErrors: New page: Loading package: /Game/ThirdPersonBP/Character/ThirdPersonIdleRun
[2017.05.03-18.36.45:818][698]LoadErrors: New page: Loading package: /Game/ThirdPersonBP/Animations/ThirdPersonWalk
[2017.05.03-18.36.45:822][698]LoadErrors: New page: Loading package: /Game/ThirdPersonBP/Animations/ThirdPersonRun
[2017.05.03-18.36.45:825][698]LoadErrors: New page: Loading package: /Game/ThirdPersonBP/ThirdPersonOverview
[2017.05.03-18.36.45:837][698]LoadErrors: New page: Loading package: /Game/ThirdPersonBP/Animations/ThirdPersonIdle
[2017.05.03-18.36.45:841][698]LoadErrors: New page: Loading package: /Game/ThirdPersonBP/Animations/ThirdPersonJump_Start
[2017.05.03-18.36.45:847][698]LoadErrors: New page: Loading package: /Game/ThirdPersonBP/Animations/ThirdPersonJump_Loop
[2017.05.03-18.36.45:853][698]LoadErrors: New page: Loading package: /Game/ThirdPersonBP/Animations/ThirdPersonJump_End
[2017.05.03-18.36.45:857][698]LoadErrors: New page: Loading package: /Game/ThirdPersonBP/Character/ThirdPersonSkeleton
[2017.05.03-18.36.45:860][698]LoadErrors: New page: Loading package: /Game/ThirdPersonBP/Character/ThirdPersonAnimBlueprint
[2017.05.03-18.36.45:879][698]LoadErrors: New page: Loading package: /Game/Blueprints/Actor/S_ItemData
[2017.05.03-18.36.45:884][698]LoadErrors: New page: Loading package: /Game/Blueprints/Actor/BP_ItemMaster
[2017.05.03-18.36.45:889][698]LoadErrors: New page: Loading package: /Game/Blueprints/HUD/showInteract
[2017.05.03-18.36.45:894][698]LoadErrors: New page: Loading package: /Game/Blueprints/ThirdPersonCharacter
[2017.05.03-18.36.45:934][698]LoadErrors: New page: Loading package: /Game/Blueprints/GUI/Inventory/W_InvMain
[2017.05.03-18.36.45:937][698]LoadErrors: New page: Loading package: /Game/ThirdPersonBP/Character/ThirdPersonSkelMesh
[2017.05.03-18.36.45:939][698]LoadErrors: New page: Loading package: /Game/Blueprints/GUI/Inventory/W_InvButton
[2017.05.03-18.36.45:942][698]LoadErrors: New page: Loading package: /Game/StarterContent/Textures/T_Ceramic_Tile_M
[2017.05.03-18.36.45:944][698]LoadErrors: New page: Loading package: /Game/Blueprints/Actor/Thumbnails/bambogun
[2017.05.03-18.36.45:950][698]LoadErrors: New page: Loading package: /Game/Weapons/BBG/BBGTextured000f_BBGHandle001
[2017.05.03-18.36.45:951][698]LogLinker:Warning: Can't find file '/Game/Models/Weapons/BBG/07_-_Default'
[2017.05.03-18.36.45:952][698]LogLinker:Warning: Can't find file for asset '/Game/Models/Weapons/BBG/07_-_Default' while loading ../../../../../../Users/kasun lakmal/Documents/Unreal Projects/Tutorial/Content/Weapons/BBG/BBGTextured000f_BBGHandle001.uasset.
[2017.05.03-18.36.45:952][698]LoadErrors:Error: Error /Game/Weapons/BBG/BBGTextured000f_BBGHandle001 : Can't find file for asset. /Game/Models/Weapons/BBG/07_-_Default
[2017.05.03-18.36.45:952][698]LogLinker:Warning: Can't find file '/Game/Models/Weapons/BBG/07_-_Default'
[2017.05.03-18.36.45:952][698]LogLinker:Warning: Can't find file for asset '/Game/Models/Weapons/BBG/07_-_Default' while loading ../../../../../../Users/kasun lakmal/Documents/Unreal Projects/Tutorial/Content/Weapons/BBG/BBGTextured000f_BBGHandle001.uasset.
[2017.05.03-18.36.45:954][698]LogLinker:Warning: Can't find file '/Game/Models/Weapons/BBG/07_-_Default'
[2017.05.03-18.36.45:954][698]LoadErrors: Info Failed to load /Game/Models/Weapons/BBG/07_-_Default.07_-_Default Referenced by BBGTextured000f_BBGHandle001
[2017.05.03-18.36.45:954][698]LogLinker:Warning: Can't find file for asset '/Game/Models/Weapons/BBG/07_-_Default' while loading NULL.
[2017.05.03-18.36.45:971][698]LoadErrors: New page: Loading package: /Game/Weapons/BBG/BBGTextured000f_BBGTube001
[2017.05.03-18.36.45:972][698]LogLinker:Warning: Can't find file '/Game/Models/Weapons/BBG/02_-_Default'
[2017.05.03-18.36.45:972][698]LogLinker:Warning: Can't find file for asset '/Game/Models/Weapons/BBG/02_-_Default' while loading ../../../../../../Users/kasun lakmal/Documents/Unreal Projects/Tutorial/Content/Weapons/BBG/BBGTextured000f_BBGTube001.uasset.
[2017.05.03-18.36.45:972][698]LoadErrors:Error: Error /Game/Weapons/BBG/BBGTextured000f_BBGTube001 : Can't find file for asset. /Game/Models/Weapons/BBG/02_-_Default
[2017.05.03-18.36.45:972][698]LogLinker:Warning: Can't find file '/Game/Models/Weapons/BBG/02_-_Default'
[2017.05.03-18.36.45:972][698]LogLinker:Warning: Can't find file for asset '/Game/Models/Weapons/BBG/02_-_Default' while loading ../../../../../../Users/kasun lakmal/Documents/Unreal Projects/Tutorial/Content/Weapons/BBG/BBGTextured000f_BBGTube001.uasset.
[2017.05.03-18.36.45:973][698]LogLinker:Warning: Can't find file '/Game/Models/Weapons/BBG/02_-_Default'
[2017.05.03-18.36.45:973][698]LoadErrors: Info Failed to load /Game/Models/Weapons/BBG/02_-_Default.02_-_Default Referenced by BBGTextured000f_BBGTube001
[2017.05.03-18.36.45:973][698]LogLinker:Warning: Can't find file for asset '/Game/Models/Weapons/BBG/02_-_Default' while loading NULL.
[2017.05.03-18.36.45:978][698]LoadErrors: New page: Loading package: /Game/Blueprints/Actor/BP_Bamboo
[2017.05.03-18.36.45:986][698]LoadErrors: New page: Loading package: /Game/Blueprints/Actor/Thumbnails/Thumb_box
[2017.05.03-18.36.45:991][698]LoadErrors: New page: Loading package: /Game/Blueprints/Actor/BP_Box
[2017.05.03-18.36.45:999][698]LoadErrors: New page: Loading package: /Game/ThirdPersonBP/Textures/FirstPersonCrosshair
[2017.05.03-18.36.46:004][698]LoadErrors: New page: Loading package: /Game/Blueprints/HUD/FirstPersonHUD
[2017.05.03-18.36.46:013][698]LoadErrors: New page: Loading package: /Game/ThirdPersonBP/Blueprints/ThirdPersonGameMode
[2017.05.03-18.36.46:020][698]LoadErrors: New page: Loading package: /Game/ThirdPersonBP/Meshes/CubeMaterial
[2017.05.03-18.36.46:028][698]LoadErrors: New page: Loading package: /Game/Weapons/BBG/newtubeuv
[2017.05.03-18.36.46:035][698]LoadErrors: New page: Loading package: /Game/Weapons/BBG/02_-_Default
[2017.05.03-18.36.46:044][698]LoadErrors: New page: Loading package: /Game/Weapons/BBG/newhandleuv
[2017.05.03-18.36.46:049][698]LoadErrors: New page: Loading package: /Game/Weapons/BBG/07_-_Default
[2017.05.03-18.36.46:058][698]LoadErrors: New page: Loading package: /Game/ThirdPersonBP/Meshes/Bump_StaticMesh
[2017.05.03-18.36.46:063][698]LoadErrors: New page: Loading package: /Game/ThirdPersonBP/Meshes/CubeMesh
[2017.05.03-18.36.46:070][698]LoadErrors: New page: Loading package: /Game/ThirdPersonBP/Meshes/LeftArm_StaticMesh
[2017.05.03-18.36.46:076][698]LoadErrors: New page: Loading package: /Game/ThirdPersonBP/Meshes/Linear_Stair_StaticMesh
[2017.05.03-18.36.46:082][698]LoadErrors: New page: Loading package: /Game/ThirdPersonBP/Meshes/Ramp_StaticMesh
[2017.05.03-18.36.46:089][698]LoadErrors: New page: Loading package: /Game/ThirdPersonBP/Meshes/RightArm_StaticMesh
[2017.05.03-18.36.54:379][140]SourceControl: Info fatal: C:/Program Files/Epic Games/UE_4.15/Engine/Content/: 'C:/Program Files/Epic Games/UE_4.15/Engine/Content/' is outside repository
[2017.05.03-18.36.54:566][140]LogPackageName:Error: Illegal call to DoesPackageExist: '../../../../../../Users/kasun lakmal/Documents/Unreal Projects/Tutorial/Tutorial.uproject' is not a standard unreal filename or a long path name. Reason: Path should be no less than 4 characters long.
[2017.05.03-18.36.54:738][140]LogStats: FPlatformStackWalk::StackWalkAndDump -  0.172 s
[2017.05.03-18.36.54:738][140]LogOutputDevice:Error: === Handled ensure: ===
[2017.05.03-18.36.54:738][140]LogOutputDevice:Error: 
[2017.05.03-18.36.54:738][140]LogOutputDevice:Error: Ensure condition failed: false [File:D:\Build\++UE4+Release-4.15+Compile\Sync\Engine\Source\Runtime\CoreUObject\Private\Misc\PackageName.cpp] [Line: 650]
[2017.05.03-18.36.54:738][140]LogOutputDevice:Error: Illegal call to DoesPackageExist: '../../../../../../Users/kasun lakmal/Documents/Unreal Projects/Tutorial/Tutorial.uproject' is not a standard unreal filename or a long path name. Reason: Path should be no less than 4 characters long.
[2017.05.03-18.36.54:738][140]LogOutputDevice:Error: Stack: 
[2017.05.03-18.36.54:738][140]LogOutputDevice:Error: UE4Editor-Core.dll!0x00000000972895D6
[2017.05.03-18.36.54:738][140]LogOutputDevice:Error: UE4Editor-Core.dll!0x0000000097039B72
[2017.05.03-18.36.54:738][140]LogOutputDevice:Error: UE4Editor-Core.dll!0x000000009704B656
[2017.05.03-18.36.54:738][140]LogOutputDevice:Error: UE4Editor-CoreUObject.dll!0x000000009AD5A6B8
[2017.05.03-18.36.54:738][140]LogOutputDevice:Error: UE4Editor-SourceControl.dll!0x00000000B7883D22
[2017.05.03-18.36.54:738][140]LogOutputDevice:Error: UE4Editor-SourceControl.dll!0x00000000B7883EB9
[2017.05.03-18.36.54:738][140]LogOutputDevice:Error: UE4Editor-SourceControlWindows.dll!0x000000008D7A1D2E
[2017.05.03-18.36.54:738][140]LogOutputDevice:Error: UE4Editor-SourceControlWindows.dll!0x000000008D75B4B5
[2017.05.03-18.36.54:738][140]LogOutputDevice:Error: UE4Editor-SourceControlWindows.dll!0x000000008D75AA8D
[2017.05.03-18.36.54:738][140]LogOutputDevice:Error: UE4Editor-SourceControlWindows.dll!0x000000008D76F274
[2017.05.03-18.36.54:738][140]LogOutputDevice:Error: UE4Editor-GitSourceControl.dll!0x000000008459B851
[2017.05.03-18.36.54:738][140]LogOutputDevice:Error: UE4Editor-GitSourceControl.dll!0x00000000845AD1ED
[2017.05.03-18.36.54:738][140]LogOutputDevice:Error: UE4Editor-SourceControl.dll!0x00000000B7889C5C
[2017.05.03-18.36.54:738][140]LogOutputDevice:Error: UE4Editor-UnrealEd.dll!0x0000000095167517
[2017.05.03-18.36.54:738][140]LogOutputDevice:Error: UE4Editor-UnrealEd.dll!0x0000000095971AD6
[2017.05.03-18.36.54:738][140]LogOutputDevice:Error: UE4Editor.exe!0x00000000B6C4DEE3
[2017.05.03-18.36.54:738][140]LogOutputDevice:Error: UE4Editor.exe!0x00000000B6C3EB40
[2017.05.03-18.36.54:738][140]LogOutputDevice:Error: UE4Editor.exe!0x00000000B6C3EBBA
[2017.05.03-18.36.54:738][140]LogOutputDevice:Error: UE4Editor.exe!0x00000000B6C50A29
[2017.05.03-18.36.54:738][140]LogOutputDevice:Error: UE4Editor.exe!0x00000000B6C522B6
[2017.05.03-18.36.54:738][140]LogOutputDevice:Error: KERNEL32.DLL!0x00000000DED38364
[2017.05.03-18.36.54:738][140]LogOutputDevice:Error: ntdll.dll!0x00000000E15F70D1
[2017.05.03-18.36.54:738][140]LogOutputDevice:Error: 
[2017.05.03-18.36.54:748][140]LogStats:                SubmitErrorReport -  0.000 s
