Log file open, 05/04/17 09:59:25
LogInit:Display: Running engine for game: Tutorial
LogPlatformFile: Not using cached read wrapper
LogInit:Display: RandInit(1929955655) SRandInit(1929955655).
LogTaskGraph: Started task graph with 5 named threads and 6 total threads with 1 sets of task threads.
LogStats: Stats thread started at 0.076677
LogInit: Using libcurl 7.47.1
LogInit:  - built for x86_64-pc-win32
LogInit:  - supports SSL with OpenSSL/1.0.2g
LogInit:  - supports HTTP deflate (compression) using libz 1.2.8
LogInit:  - other features:
LogInit:      CURL_VERSION_SSL
LogInit:      CURL_VERSION_LIBZ
LogInit:      CURL_VERSION_IPV6
LogInit:      CURL_VERSION_ASYNCHDNS
LogInit:      CURL_VERSION_LARGEFILE
LogInit:      CURL_VERSION_IDN
LogInit:  CurlRequestOptions (configurable via config and command line):
LogInit:  - bVerifyPeer = false  - Libcurl will NOT verify peer certificate
LogInit:  - bUseHttpProxy = false  - Libcurl will NOT use HTTP proxy
LogInit:  - bDontReuseConnections = false  - Libcurl will reuse connections
LogInit:  - CertBundlePath = nullptr  - Libcurl will use whatever was configured at build time.
LogInit: Build: ++UE4+Release-4.15-CL-3299760
LogInit: Engine Version: 4.15.0-3299760+++UE4+Release-4.15
LogInit: Compatible Engine Version: 4.15.0-3299760+++UE4+Release-4.15
LogInit: Net CL: 3299760
LogDevObjectVersion: Number of dev versions registered: 14
LogDevObjectVersion:   Dev-Blueprints (B0D832E4-1F89-4F0D-ACCF-7EB736FD4AA2): 8
LogDevObjectVersion:   Dev-Build (E1C64328-A22C-4D53-A36C-8E866417BD8C): 0
LogDevObjectVersion:   Dev-Core (375EC13C-06E4-48FB-B500-84F0262A717E): 2
LogDevObjectVersion:   Dev-Editor (E4B068ED-F494-42E9-A231-DA0B2E46BB41): 14
LogDevObjectVersion:   Dev-Framework (CFFC743F-43B0-4480-9391-14DF171D2073): 22
LogDevObjectVersion:   Dev-Mobile (B02B49B5-BB20-44E9-A304-32B752E40360): 0
LogDevObjectVersion:   Dev-Networking (A4E4105C-59A1-49B5-A7C5-40C4547EDFEE): 0
LogDevObjectVersion:   Dev-Online (39C831C9-5AE6-47DC-9A44-9C173E1C8E7C): 0
LogDevObjectVersion:   Dev-Physics (78F01B33-EBEA-4F98-B9B4-84EACCB95AA2): 0
LogDevObjectVersion:   Dev-Platform (6631380F-2D4D-43E0-8009-CF276956A95A): 0
LogDevObjectVersion:   Dev-Rendering (12F88B9F-8875-4AFC-A67C-D90C383ABD29): 12
LogDevObjectVersion:   Dev-Sequencer (7B5AE74C-D270-4C10-A958-57980B212A5A): 3
LogDevObjectVersion:   Dev-VR (D7296918-1DD6-4BDD-9DE2-64A83CC13884): 0
LogDevObjectVersion:   Dev-LoadTimes (C2A15278-BFE7-4AFE-6C17-90FF531DF755): 1
LogInit: Compiled (64-bit): Feb 14 2017 02:04:14
LogInit: Compiled with Visual C++: 19.00.23026.00
LogInit: Build Configuration: Development
LogInit: Branch Name: ++UE4+Release-4.15
LogInit: Command line: -EpicPortal 
LogInit: Base directory: C:/Program Files/Epic Games/UE_4.15/Engine/Binaries/Win64/
LogInit: Installed Engine Build: 1
LogInit: Presizing for max 8388607 objects, including 0 objects not considered by GC, pre-allocating 0 bytes for permanent pool.
LogInit: Object subsystem initialized
[2017.05.04-04.29.27:019][  0]LogInit: Selected Device Profile: [Windows]
[2017.05.04-04.29.27:019][  0]LogInit: Applying CVar settings loaded from the selected device profile: [Windows]
[2017.05.04-04.29.27:041][  0]LogInit: Computer: DESKTOP-4S8HTAT
[2017.05.04-04.29.27:041][  0]LogInit: User: kasunlakmal
[2017.05.04-04.29.27:041][  0]LogInit: CPU Page size=65536, Cores=2
[2017.05.04-04.29.27:041][  0]LogInit: High frequency timer resolution =2.343751 MHz
[2017.05.04-04.29.27:042][  0]LogMemory: Memory total: Physical=7.9GB (8GB approx)
[2017.05.04-04.29.27:042][  0]LogMemory: Platform Memory Stats for Windows
[2017.05.04-04.29.27:042][  0]LogMemory: Process Physical Memory: 261.88 MB used, 261.88 MB peak
[2017.05.04-04.29.27:042][  0]LogMemory: Process Virtual Memory: 262.25 MB used, 262.25 MB peak
[2017.05.04-04.29.27:042][  0]LogMemory: Physical Memory: 4881.15 MB used,  3206.98 MB free, 8088.13 MB total
[2017.05.04-04.29.27:042][  0]LogMemory: Virtual Memory: 642.59 MB used,  3206.98 MB free, 134217728.00 MB total
[2017.05.04-04.29.27:599][  0]LogTextLocalizationManager: No specific translations for ('en-US') exist, so ('en') translations will be used.
[2017.05.04-04.29.28:486][  0]LogD3D11RHI: D3D11 adapters:
[2017.05.04-04.29.28:495][  0]LogD3D11RHI:    0. 'Intel(R) HD Graphics 520' (Feature Level 11_0)
[2017.05.04-04.29.28:495][  0]LogD3D11RHI:       128/0/4044 MB DedicatedVideo/DedicatedSystem/SharedSystem, Outputs:1, VendorId:0x8086
[2017.05.04-04.29.28:939][  0]LogD3D11RHI:    1. 'NVIDIA GeForce 920MX' (Feature Level 11_0)
[2017.05.04-04.29.28:939][  0]LogD3D11RHI:       2020/0/4044 MB DedicatedVideo/DedicatedSystem/SharedSystem, Outputs:0, VendorId:0x10de
[2017.05.04-04.29.28:942][  0]LogD3D11RHI:    2. 'Microsoft Basic Render Driver' (Feature Level 11_0)
[2017.05.04-04.29.28:942][  0]LogD3D11RHI:       0/0/4044 MB DedicatedVideo/DedicatedSystem/SharedSystem, Outputs:0, VendorId:0x1414
[2017.05.04-04.29.28:942][  0]LogD3D11RHI: Chosen D3D11 Adapter: 1
[2017.05.04-04.29.28:948][  0]LogD3D11RHI: Creating new Direct3DDevice
[2017.05.04-04.29.28:948][  0]LogD3D11RHI:     GPU DeviceId: 0x134f (for the marketing name, search the web for "GPU Device Id")
[2017.05.04-04.29.28:948][  0]LogWindows: EnumDisplayDevices:
[2017.05.04-04.29.28:948][  0]LogWindows:    0. 'Intel(R) HD Graphics 520' (P:1 D:1)
[2017.05.04-04.29.28:949][  0]LogWindows:    1. 'Intel(R) HD Graphics 520' (P:0 D:0)
[2017.05.04-04.29.28:949][  0]LogWindows:    2. 'Intel(R) HD Graphics 520' (P:0 D:0)
[2017.05.04-04.29.28:949][  0]LogWindows: DebugString: PrimaryIsNotTheChoosenAdapter PrimaryIsNotTheChoosenAdapter PrimaryIsNotTheChoosenAdapter FoundDriverCount:0 
[2017.05.04-04.29.28:949][  0]LogD3D11RHI:     Adapter Name: NVIDIA GeForce 920MX
[2017.05.04-04.29.28:949][  0]LogD3D11RHI:   Driver Version: Unknown (internal:Unknown, unified:Unknown)
[2017.05.04-04.29.28:949][  0]LogD3D11RHI:      Driver Date: Unknown
[2017.05.04-04.29.28:949][  0]LogRHI: Texture pool is 1361 MB (70% of 1945 MB)
[2017.05.04-04.29.28:982][  0]LogD3D11RHI: Async texture creation enabled
[2017.05.04-04.29.28:999][  0]LogD3D11RHI: GPU Timing Frequency: 1000.000000 (Debug: 2 2)
[2017.05.04-04.29.28:999][  0]LogShaderCompilers: Guid format shader working directory is -19 characters bigger than the processId version (../../../../../../Users/kasun lakmal/Documents/Unreal Projects/Tutorial/Intermediate/Shaders/WorkingDirectory/17172/).
[2017.05.04-04.29.29:000][  0]LogShaderCompilers: Cleaned the shader compiler working directory 'C:/Users/kasun lakmal/AppData/Local/Temp/UnrealShaderWorkingDir/EE8087D24859D7EFA29A5EA88DA092A5/'.
[2017.05.04-04.29.29:000][  0]LogShaderCompilers:Display: Using Local Shader Compiler.
[2017.05.04-04.29.30:510][  0]LogTemp:Display: Loaded TP AllDesktopTargetPlatform
[2017.05.04-04.29.30:616][  0]LogTemp:Display: Loaded TP MacClientTargetPlatform
[2017.05.04-04.29.30:723][  0]LogTemp:Display: Loaded TP MacNoEditorTargetPlatform
[2017.05.04-04.29.30:827][  0]LogTemp:Display: Loaded TP MacServerTargetPlatform
[2017.05.04-04.29.30:933][  0]LogTemp:Display: Loaded TP MacTargetPlatform
[2017.05.04-04.29.31:035][  0]LogTemp:Display: Loaded TP WindowsClientTargetPlatform
[2017.05.04-04.29.31:141][  0]LogTemp:Display: Loaded TP WindowsNoEditorTargetPlatform
[2017.05.04-04.29.31:244][  0]LogTemp:Display: Loaded TP WindowsServerTargetPlatform
[2017.05.04-04.29.31:339][  0]LogTemp:Display: Loaded TP WindowsTargetPlatform
[2017.05.04-04.29.31:447][  0]LogTemp:Display: Loaded TP AndroidTargetPlatform
[2017.05.04-04.29.31:557][  0]LogTemp:Display: Loaded TP Android_ASTCTargetPlatform
[2017.05.04-04.29.31:658][  0]LogTemp:Display: Loaded TP Android_ATCTargetPlatform
[2017.05.04-04.29.31:761][  0]LogTemp:Display: Loaded TP Android_DXTTargetPlatform
[2017.05.04-04.29.31:864][  0]LogTemp:Display: Loaded TP Android_ETC1TargetPlatform
[2017.05.04-04.29.31:968][  0]LogTemp:Display: Loaded TP Android_ETC2TargetPlatform
[2017.05.04-04.29.32:173][  0]LogTemp:Display: Loaded TP Android_MultiTargetPlatform
[2017.05.04-04.29.32:173][  0]LogTemp:Display: Loaded TP Android_PVRTCTargetPlatform
[2017.05.04-04.29.32:255][  0]LogTemp:Display: Loaded TP HTML5TargetPlatform
[2017.05.04-04.29.32:421][  0]LogTemp:Display: Loaded TP IOSTargetPlatform
[2017.05.04-04.29.32:483][  0]LogTemp:Display: Loaded TP TVOSTargetPlatform
[2017.05.04-04.29.32:586][  0]LogTemp:Display: Loaded TP LinuxClientTargetPlatform
[2017.05.04-04.29.32:687][  0]LogTemp:Display: Loaded TP LinuxNoEditorTargetPlatform
[2017.05.04-04.29.32:792][  0]LogTemp:Display: Loaded TP LinuxServerTargetPlatform
[2017.05.04-04.29.32:894][  0]LogTemp:Display: Loaded TP LinuxTargetPlatform
[2017.05.04-04.29.32:894][  0]LogTargetPlatformManager:Display: Building Assets For Windows
[2017.05.04-04.29.33:832][  0]LogDerivedDataCache:Display: Max Cache Size: 512 MB
[2017.05.04-04.29.33:892][  0]LogDerivedDataCache: Loaded boot cache 0.06s 60MB C:/Users/kasun lakmal/AppData/Local/UnrealEngine/4.15/DerivedDataCache/Boot.ddc.
[2017.05.04-04.29.33:892][  0]LogDerivedDataCache:Display: Loaded Boot cache: C:/Users/kasun lakmal/AppData/Local/UnrealEngine/4.15/DerivedDataCache/Boot.ddc
[2017.05.04-04.29.33:892][  0]LogDerivedDataCache: FDerivedDataBackendGraph:  Pak pak cache file ../../../../../../Users/kasun lakmal/Documents/Unreal Projects/Tutorial/DerivedDataCache/DDC.ddp not found, will not use a pak cache.
[2017.05.04-04.29.33:892][  0]LogDerivedDataCache: Unable to find inner node Pak for hierarchical cache Hierarchy.
[2017.05.04-04.29.33:892][  0]LogDerivedDataCache: FDerivedDataBackendGraph:  CompressedPak pak cache file ../../../../../../Users/kasun lakmal/Documents/Unreal Projects/Tutorial/DerivedDataCache/Compressed.ddp not found, will not use a pak cache.
[2017.05.04-04.29.33:892][  0]LogDerivedDataCache: Unable to find inner node CompressedPak for hierarchical cache Hierarchy.
[2017.05.04-04.29.33:913][  0]LogDerivedDataCache:Display: Pak cache opened for reading ../../../Engine/DerivedDataCache/Compressed.ddp.
[2017.05.04-04.29.33:926][  0]LogDerivedDataCache: Using Local data cache path C:/Users/kasun lakmal/AppData/Local/UnrealEngine/Common/DerivedDataCache: Writable
[2017.05.04-04.29.33:936][  0]LogSlate: Using Freetype 2.6.0
[2017.05.04-04.29.33:937][  0]LogSlate: SlateFontCache - WITH_FREETYPE: 1, WITH_HARFBUZZ: 1
[2017.05.04-04.29.33:937][  0]LogSlate: SlateFontCache - WITH_FREETYPE: 1, WITH_HARFBUZZ: 1
[2017.05.04-04.29.34:273][  0]LogInit: Selected Device Profile: [Windows]
[2017.05.04-04.29.34:277][  0]LogContentStreaming: Texture pool size is 0.00 MB
[2017.05.04-04.29.34:622][  0]LogMeshUtilities: Using QuadricMeshReduction for automatic static mesh reduction
[2017.05.04-04.29.34:718][  0]LogSimplygon: Simplygon DLL not present - disabling.
[2017.05.04-04.29.34:815][  0]LogMeshUtilities: Using SimplygonSwarm for distributed automatic mesh merging
[2017.05.04-04.29.34:815][  0]LogMeshUtilities: No automatic skeletal mesh reduction module available
[2017.05.04-04.29.34:815][  0]LogMeshUtilities: No automatic mesh merging module available
[2017.05.04-04.29.35:599][  0]LogNetVersion: GetLocalNetworkVersion: CL: 3299760, ProjectName: tutorial, ProjectVersion: , EngineNetworkVersion: 2, GameNetworkVersion: 0, NetworkChecksum: 3216379570
[2017.05.04-04.29.35:677][  0]LogAssetRegistry: FAssetRegistry took 0.0225 seconds to start up
[2017.05.04-04.29.35:761][  0]LogPackageLocalizationCache: Processed 3 localized package path(s) for 2 prioritized culture(s) in 0.031631 seconds
[2017.05.04-04.29.35:766][  0]LogUObjectArray: 32475 objects as part of root set at end of initial load.
[2017.05.04-04.29.35:766][  0]LogUObjectAllocator: 7073360 out of 0 bytes used by permanent object pool.
[2017.05.04-04.29.35:766][  0]LogUObjectArray: CloseDisregardForGC: 0/0 objects in disregard for GC pool
[2017.05.04-04.29.35:908][  0]LogInit: WinSock: version 1.1 (2.2), MaxSocks=32767, MaxUdp=65467
[2017.05.04-04.29.38:924][  0]LogTcpMessaging: Initializing TcpMessaging bridge
[2017.05.04-04.29.38:994][  0]LogUdpMessaging: Initializing bridge on interface 0.0.0.0:0 to multicast group 230.0.0.1:6666.
[2017.05.04-04.29.39:863][  0]LogMaterial: Uniform references updated for custom material expression Custom.
[2017.05.04-04.29.40:593][  0]SourceControl: Info Source control is disabled
[2017.05.04-04.29.45:581][  0]LogEngine: Initializing Engine...
[2017.05.04-04.29.45:581][  0]LogHMD: Failed to initialize OpenVR with code 110
[2017.05.04-04.29.45:964][  0]LogAIModule: Creating AISystem for world Untitled
[2017.05.04-04.29.45:974][  0]LogInit: XAudio2 using 'Speakers (Realtek High Definition Audio)' : 2 channels at 48 kHz using 32 bits per sample (channel mask 0x3)
[2017.05.04-04.29.46:030][  0]LogInit: FAudioDevice initialized.
[2017.05.04-04.29.46:059][  0]LogDerivedDataCache: Saved boot cache 0.03s 60MB C:/Users/kasun lakmal/AppData/Local/UnrealEngine/4.15/DerivedDataCache/Boot.ddc.
[2017.05.04-04.29.46:065][  0]LogInit: Texture streaming: Enabled
[2017.05.04-04.29.46:266][  0]LogEngineSessionManager: EngineSessionManager initialized
[2017.05.04-04.29.46:445][  0]LogInit: Transaction tracking system initialized
[2017.05.04-04.29.47:193][  0]BlueprintLog: New page: Editor Load
[2017.05.04-04.29.49:066][  0]LocalizationService: Info Localization service is disabled
[2017.05.04-04.29.50:471][  0]LogConsoleResponse:Display: 
[2017.05.04-04.29.50:962][  0]LogCook:Display: Max memory allowance for cook 16384mb min free memory 0mb
[2017.05.04-04.29.50:962][  0]LogCook:Display: Mobile HDR setting 1
[2017.05.04-04.29.51:526][  0]LogFileCache: Scanning file cache for directory 'C:/Users/kasun lakmal/Documents/Unreal Projects/Tutorial/Content/' took 0.03s
[2017.05.04-04.29.53:461][  0]Cmd: MAP LOAD FILE="../../../../../../Users/kasun lakmal/Documents/Unreal Projects/Tutorial/Content/ThirdPersonBP/Maps/ThirdPersonExampleMap.umap" TEMPLATE=0 SHOWPROGRESS=1 FEATURELEVEL=3
[2017.05.04-04.29.53:470][  0]LightingResults: New page: Lighting Build
[2017.05.04-04.29.53:557][  0]MapCheck: New page: Map Check
[2017.05.04-04.29.53:557][  0]LightingResults: New page: Lighting Build
[2017.05.04-04.29.54:442][  0]LogLinker:Warning: Can't find file '/Game/Models/Weapons/BBG/07_-_Default'
[2017.05.04-04.29.54:443][  0]LogLinker:Warning: Can't find file for asset '/Game/Models/Weapons/BBG/07_-_Default' while loading ../../../../../../Users/kasun lakmal/Documents/Unreal Projects/Tutorial/Content/Weapons/BBG/BBGTextured000f_BBGHandle001.uasset.
[2017.05.04-04.29.54:443][  0]LoadErrors:Error: Error /Game/Weapons/BBG/BBGTextured000f_BBGHandle001 : Can't find file for asset. /Game/Models/Weapons/BBG/07_-_Default
[2017.05.04-04.29.54:443][  0]LogLinker:Warning: Can't find file '/Game/Models/Weapons/BBG/07_-_Default'
[2017.05.04-04.29.54:443][  0]LogLinker:Warning: Can't find file for asset '/Game/Models/Weapons/BBG/07_-_Default' while loading ../../../../../../Users/kasun lakmal/Documents/Unreal Projects/Tutorial/Content/Weapons/BBG/BBGTextured000f_BBGHandle001.uasset.
[2017.05.04-04.29.54:443][  0]LoadErrors:Error: Error /Game/Weapons/BBG/BBGTextured000f_BBGHandle001 : Can't find file for asset. /Game/Models/Weapons/BBG/07_-_Default
[2017.05.04-04.29.54:466][  0]LogLinker:Warning: Can't find file '/Game/Models/Weapons/BBG/02_-_Default'
[2017.05.04-04.29.54:467][  0]LogLinker:Warning: Can't find file for asset '/Game/Models/Weapons/BBG/02_-_Default' while loading ../../../../../../Users/kasun lakmal/Documents/Unreal Projects/Tutorial/Content/Weapons/BBG/BBGTextured000f_BBGTube001.uasset.
[2017.05.04-04.29.54:467][  0]LoadErrors:Error: Error /Game/Weapons/BBG/BBGTextured000f_BBGTube001 : Can't find file for asset. /Game/Models/Weapons/BBG/02_-_Default
[2017.05.04-04.29.54:467][  0]LogLinker:Warning: Can't find file '/Game/Models/Weapons/BBG/02_-_Default'
[2017.05.04-04.29.54:467][  0]LogLinker:Warning: Can't find file for asset '/Game/Models/Weapons/BBG/02_-_Default' while loading ../../../../../../Users/kasun lakmal/Documents/Unreal Projects/Tutorial/Content/Weapons/BBG/BBGTextured000f_BBGTube001.uasset.
[2017.05.04-04.29.54:467][  0]LoadErrors:Error: Error /Game/Weapons/BBG/BBGTextured000f_BBGTube001 : Can't find file for asset. /Game/Models/Weapons/BBG/02_-_Default
[2017.05.04-04.29.54:934][  0]LogLinker:Warning: Can't find file '/Game/Models/Weapons/BBG/02_-_Default'
[2017.05.04-04.29.54:934][  0]LoadErrors: Info Failed to load /Game/Models/Weapons/BBG/02_-_Default.02_-_Default Referenced by BBGTextured000f_BBGTube001
[2017.05.04-04.29.54:934][  0]LogLinker:Warning: Can't find file for asset '/Game/Models/Weapons/BBG/02_-_Default' while loading NULL.
[2017.05.04-04.29.54:934][  0]LoadErrors: Info Failed to load /Game/Models/Weapons/BBG/02_-_Default.02_-_Default Referenced by BBGTextured000f_BBGTube001
[2017.05.04-04.29.54:935][  0]LogLinker:Warning: Can't find file '/Game/Models/Weapons/BBG/07_-_Default'
[2017.05.04-04.29.54:935][  0]LoadErrors: Info Failed to load /Game/Models/Weapons/BBG/07_-_Default.07_-_Default Referenced by BBGTextured000f_BBGHandle001
[2017.05.04-04.29.54:935][  0]LogLinker:Warning: Can't find file for asset '/Game/Models/Weapons/BBG/07_-_Default' while loading NULL.
[2017.05.04-04.29.54:935][  0]LoadErrors: Info Failed to load /Game/Models/Weapons/BBG/07_-_Default.07_-_Default Referenced by BBGTextured000f_BBGHandle001
[2017.05.04-04.29.57:559][  0]LogAIModule: Creating AISystem for world ThirdPersonExampleMap
[2017.05.04-04.29.57:572][  0]LogEditorServer: Finished looking for orphan Actors (0.000 secs)
[2017.05.04-04.29.57:573][  0]Cmd: MAP CHECKDEP NOCLEARLOG
[2017.05.04-04.29.57:683][  0]MapCheck: Info Map check complete: 0 Error(s), 0 Warning(s), took 109.732ms to complete.
[2017.05.04-04.29.57:683][  0]LogFileHelpers: Loading map 'ThirdPersonExampleMap' took 4.222
[2017.05.04-04.29.57:739][  0]LogWindowsTextInputMethodSystem:Display: IME system now deactivated.
[2017.05.04-04.29.57:981][  0]LogCollectionManager: Loaded 0 collections in 0.002710 seconds
[2017.05.04-04.29.58:109][  0]LogFileCache: Scanning file cache for directory 'C:/Users/kasun lakmal/Documents/Unreal Projects/Tutorial/Saved/Collections/' took 0.01s
[2017.05.04-04.29.58:109][  0]LogFileCache: Scanning file cache for directory 'C:/Users/kasun lakmal/Documents/Unreal Projects/Tutorial/Content/Developers/kasunlakmal/Collections/' took 0.01s
[2017.05.04-04.29.58:109][  0]LogFileCache: Scanning file cache for directory 'C:/Users/kasun lakmal/Documents/Unreal Projects/Tutorial/Content/Collections/' took 0.01s
[2017.05.04-04.29.58:109][  0]LogCollectionManager: Rebuilt the GUID cache for 0 collections in 0.000002 seconds
[2017.05.04-04.29.58:119][  0]LogContentBrowser: Native class hierarchy populated in 0.0095 seconds. Added 2244 classes and 450 folders.
[2017.05.04-04.29.58:123][  0]LogStats: UGameplayTagsManager::ConstructGameplayTagTree: Construct from data asset -  0.000 s
[2017.05.04-04.29.58:123][  0]LogStats: UGameplayTagsManager::ConstructGameplayTagTree: GameplayTagTreeChangedEvent.Broadcast -  0.000 s
[2017.05.04-04.29.58:259][  0]LogContentBrowser: Native class hierarchy updated for 'WidgetCarousel' in 0.0006 seconds. Added 0 classes and 0 folders.
[2017.05.04-04.30.00:309][  0]LogContentBrowser: Native class hierarchy updated for 'AddContentDialog' in 0.0025 seconds. Added 0 classes and 0 folders.
[2017.05.04-04.30.00:493][  0]LogContentBrowser: Native class hierarchy updated for 'SceneOutliner' in 0.0008 seconds. Added 1 classes and 2 folders.
[2017.05.04-04.30.00:692][  0]LogCrashTracker: Crashtracker disabled due to settings.
[2017.05.04-04.30.00:710][  0]LogUObjectGlobals:Warning: Failed to find object 'Class None.'
[2017.05.04-04.30.00:828][  0]LogContentBrowser: Native class hierarchy updated for 'HierarchicalLODOutliner' in 0.0007 seconds. Added 1 classes and 2 folders.
[2017.05.04-04.30.00:829][  0]LogLoad: (Engine Initialization) Total time: 36.79 seconds
[2017.05.04-04.30.00:829][  0]LogLoad: (Engine Initialization) Total Blueprint compile time: 0.37 seconds
[2017.05.04-04.30.00:829][  0]LogExternalProfiler: Found external profiler: VSPerf
[2017.05.04-04.30.00:829][  0]LogExternalProfiler: Using external profiler: VSPerf
[2017.05.04-04.30.00:847][  0]LogOcInput: OculusInput pre-init called
[2017.05.04-04.30.00:867][  0]SourceControl: Info On branch master
[2017.05.04-04.30.00:867][  0]SourceControl: Info Your branch is up-to-date with 'origin/master'.
[2017.05.04-04.30.00:867][  0]SourceControl: Info Untracked files:
[2017.05.04-04.30.00:867][  0]SourceControl: Info   (use "git add <file>..." to include in what will be committed)
[2017.05.04-04.30.00:868][  0]SourceControl: Info 	Build/
[2017.05.04-04.30.00:868][  0]SourceControl: Info 	Config/
[2017.05.04-04.30.00:868][  0]SourceControl: Info 	Content/Blueprints/Actor/BP_ItemMaster_Child.uasset
[2017.05.04-04.30.00:868][  0]SourceControl: Info 	Content/Blueprints/Actor/BP_Weapons_Child.uasset
[2017.05.04-04.30.00:868][  0]SourceControl: Info 	Content/Blueprints/Actor/BP_Weapons_Sword_Child.uasset
[2017.05.04-04.30.00:868][  0]SourceControl: Info 	Content/Blueprints/Actor/NewUserDefinedStruct.uasset
[2017.05.04-04.30.00:868][  0]SourceControl: Info 	Content/Blueprints/Actor/Thumbnails/Thumnail.png
[2017.05.04-04.30.00:868][  0]SourceControl: Info 	Content/Blueprints/GUI/Crafting/NewWidgetBlueprint.uasset
[2017.05.04-04.30.00:868][  0]SourceControl: Info 	Content/Blueprints/GUI/Inventory/W_Inv.uasset
[2017.05.04-04.30.00:868][  0]SourceControl: Info 	Content/Blueprints/GUI/Messages/NewWidgetBlueprint.uasset
[2017.05.04-04.30.00:868][  0]SourceControl: Info 	Content/StarterContent/Architecture/SM_CeilingPiece500x500.uasset
[2017.05.04-04.30.00:868][  0]SourceControl: Info 	Content/StarterContent/Architecture/SM_FloorPiece500x500.uasset
[2017.05.04-04.30.00:868][  0]SourceControl: Info 	Content/StarterContent/Textures/Metal_Tile_2.uasset
[2017.05.04-04.30.00:868][  0]SourceControl: Info 	Content/StarterContent/Textures/Metal_Tile_2_N.uasset
[2017.05.04-04.30.00:868][  0]SourceControl: Info 	Content/StarterContent/Textures/Sky54a2048.uasset
[2017.05.04-04.30.00:868][  0]SourceControl: Info 	Content/StarterContent/Textures/Sky54a2048LDR.uasset
[2017.05.04-04.30.00:868][  0]SourceControl: Info 	Content/StarterContent/Textures/T_ArmorMetal01.uasset
[2017.05.04-04.30.00:868][  0]SourceControl: Info 	Content/StarterContent/Textures/T_ArmorMetal01_N.uasset
[2017.05.04-04.30.00:868][  0]SourceControl: Info 	Content/StarterContent/Textures/T_Bark02_D.uasset
[2017.05.04-04.30.00:868][  0]SourceControl: Info 	Content/StarterContent/Textures/T_Bark02_N.uasset
[2017.05.04-04.30.00:868][  0]SourceControl: Info 	Content/StarterContent/Textures/T_Base_Metal_Gray_D.uasset
[2017.05.04-04.30.00:868][  0]SourceControl: Info 	Content/StarterContent/Textures/T_Base_Metal_Gray_N.uasset
[2017.05.04-04.30.00:868][  0]SourceControl: Info 	Content/ThirdPersonBP/Maps/
[2017.05.04-04.30.00:868][  0]SourceControl: Info 	Intermediate/
[2017.05.04-04.30.00:868][  0]SourceControl: Info 	Saved/
[2017.05.04-04.30.00:868][  0]SourceControl: Info nothing added to commit but untracked files present (use "git add" to track)
[2017.05.04-04.30.00:868][  0]LogContentStreaming: Texture pool size now 1000 MB
[2017.05.04-04.30.00:872][  0]LogSlate: Took 0.000362 seconds to synchronously load lazily loaded font '../../../Engine/Content/Slate/Fonts/Roboto-Regular.ttf' (155K)
[2017.05.04-04.30.00:876][  0]LogSlate: Took 0.000398 seconds to synchronously load lazily loaded font '../../../Engine/Content/Slate/Fonts/Roboto-Bold.ttf' (160K)
[2017.05.04-04.30.00:893][  0]LogSlate: Took 0.010947 seconds to synchronously load lazily loaded font '../../../Engine/Content/Editor/Slate/Fonts/FontAwesome.ttf' (139K)
[2017.05.04-04.30.01:210][  0]LogSlate: Took 0.014790 seconds to synchronously load lazily loaded font '../../../Engine/Content/Slate/Fonts/Roboto-Light.ttf' (159K)
[2017.05.04-04.30.01:266][  0]LogRenderer: Reallocating scene render targets to support 828x364 NumSamples 1 (Frame:2).
[2017.05.04-04.30.01:342][  1]LogAssetRegistry: Asset discovery search completed in 25.6870 seconds
[2017.05.04-04.30.01:342][  1]LogCollectionManager: Rebuilt the object cache for 0 collections in 0.000006 seconds (found 0 objects)
[2017.05.04-04.30.01:342][  1]LogCollectionManager: Fixed up redirectors for 0 collections in 0.000021 seconds (updated 0 objects)
[2017.05.04-04.31.03:450][643]SourceControl: Info fatal: C:/Program Files/Epic Games/UE_4.15/Engine/Content/: 'C:/Program Files/Epic Games/UE_4.15/Engine/Content/' is outside repository
[2017.05.04-04.31.03:662][643]LogPackageName:Error: Illegal call to DoesPackageExist: '../../../../../../Users/kasun lakmal/Documents/Unreal Projects/Tutorial/Tutorial.uproject' is not a standard unreal filename or a long path name. Reason: Path should be no less than 4 characters long.
[2017.05.04-04.31.03:847][643]LogStats: FPlatformStackWalk::StackWalkAndDump -  0.185 s
[2017.05.04-04.31.03:847][643]LogOutputDevice:Error: === Handled ensure: ===
[2017.05.04-04.31.03:847][643]LogOutputDevice:Error: 
[2017.05.04-04.31.03:847][643]LogOutputDevice:Error: Ensure condition failed: false [File:D:\Build\++UE4+Release-4.15+Compile\Sync\Engine\Source\Runtime\CoreUObject\Private\Misc\PackageName.cpp] [Line: 650]
[2017.05.04-04.31.03:847][643]LogOutputDevice:Error: Illegal call to DoesPackageExist: '../../../../../../Users/kasun lakmal/Documents/Unreal Projects/Tutorial/Tutorial.uproject' is not a standard unreal filename or a long path name. Reason: Path should be no less than 4 characters long.
[2017.05.04-04.31.03:847][643]LogOutputDevice:Error: Stack: 
[2017.05.04-04.31.03:847][643]LogOutputDevice:Error: UE4Editor-Core.dll!0x00000000B03795D6
[2017.05.04-04.31.03:847][643]LogOutputDevice:Error: UE4Editor-Core.dll!0x00000000B0129B72
[2017.05.04-04.31.03:847][643]LogOutputDevice:Error: UE4Editor-Core.dll!0x00000000B013B656
[2017.05.04-04.31.03:847][643]LogOutputDevice:Error: UE4Editor-CoreUObject.dll!0x00000000B6A9A6B8
[2017.05.04-04.31.03:847][643]LogOutputDevice:Error: UE4Editor-SourceControl.dll!0x00000000AF683D22
[2017.05.04-04.31.03:847][643]LogOutputDevice:Error: UE4Editor-SourceControl.dll!0x00000000AF683EB9
[2017.05.04-04.31.03:847][643]LogOutputDevice:Error: UE4Editor-SourceControlWindows.dll!0x0000000098E51D2E
[2017.05.04-04.31.03:847][643]LogOutputDevice:Error: UE4Editor-SourceControlWindows.dll!0x0000000098E0B4B5
[2017.05.04-04.31.03:847][643]LogOutputDevice:Error: UE4Editor-SourceControlWindows.dll!0x0000000098E0AA8D
[2017.05.04-04.31.03:847][643]LogOutputDevice:Error: UE4Editor-SourceControlWindows.dll!0x0000000098E1F274
[2017.05.04-04.31.03:847][643]LogOutputDevice:Error: UE4Editor-GitSourceControl.dll!0x00000000901EB851
[2017.05.04-04.31.03:847][643]LogOutputDevice:Error: UE4Editor-GitSourceControl.dll!0x00000000901FD1ED
[2017.05.04-04.31.03:847][643]LogOutputDevice:Error: UE4Editor-SourceControl.dll!0x00000000AF689C5C
[2017.05.04-04.31.03:847][643]LogOutputDevice:Error: UE4Editor-UnrealEd.dll!0x00000000AD8E7517
[2017.05.04-04.31.03:847][643]LogOutputDevice:Error: UE4Editor-UnrealEd.dll!0x00000000AE0F1AD6
[2017.05.04-04.31.03:847][643]LogOutputDevice:Error: UE4Editor.exe!0x00000000CB88DEE3
[2017.05.04-04.31.03:847][643]LogOutputDevice:Error: UE4Editor.exe!0x00000000CB87EB40
[2017.05.04-04.31.03:847][643]LogOutputDevice:Error: UE4Editor.exe!0x00000000CB87EBBA
[2017.05.04-04.31.03:847][643]LogOutputDevice:Error: UE4Editor.exe!0x00000000CB890A29
[2017.05.04-04.31.03:847][643]LogOutputDevice:Error: UE4Editor.exe!0x00000000CB8922B6
[2017.05.04-04.31.03:847][643]LogOutputDevice:Error: KERNEL32.DLL!0x00000000DED38364
[2017.05.04-04.31.03:847][643]LogOutputDevice:Error: ntdll.dll!0x00000000E15F70D1
[2017.05.04-04.31.03:847][643]LogOutputDevice:Error: 
[2017.05.04-04.31.03:850][643]LogStats:                SubmitErrorReport -  0.000 s
[2017.05.04-04.31.05:919][643]LogStats:                    SendNewReport -  2.070 s
[2017.05.04-04.31.05:919][643]LogStats:             FDebug::EnsureFailed -  2.257 s
